[118978][1717842031576][main][info]["Booting Postman 11.0.4, linux-6.6.32-1-lts on x64"]
[118978][1717842031580][main][info]["EventBus~initialize - Success"]
[118978][1717842031583][main][info]["Proxy configuration has not been setup"]
[118978][1717842031584][main][info]["CloudProxyManager~init - Success"]
[118978][1717842031590][main][info]["performShellDataMigration: Starting shell data migration"]
[118978][1717842031591][main][info]["migrateShellData:Starting"]
[118978][1717842031611][main][info]["migrateShellData: Old storage cleaned up"]
[118978][1717842031822][main][info]["migrateShellData: Got data from shell. Writing to storage"]
[118978][1717842031832][main][info]["performShellDataMigration: Migration successful on try count 1"]
[118978][1717842031847][main][info]["UpdateHandler~init - Success"]
[118978][1717842031850][main][info]["LeaderSelection: Initialized successfully"]
[118978][1717842031851][main][info]["VersionDependencyService: Initialized successfully"]
[118978][1717842031863][main][info]["Generated root certificate for linux"]
[118978][1717842031866][main][info]["LinuxAutoUpdater~Cleanup - Initial cleanup successful"]
[118978][1717842031898][main][info]["GPU detected VID 32902 DID 39745 ACTIVE true"]
[118978][1717842031903][main][info]["newAccountRegionPreferenceService~getPreferenceWithFallback - Preference not found in storage."]
[118978][1717842031903][main][info]["newAccountRegionPreferenceService~getToggleMenuTemplate - Using preference:","useUSRegion"]
[118978][1717842031931][main][info]["shellController~init: Success"]
[118978][1717842031937][main][info]["shellMeta~init: Success"]
[118978][1717842031937][main][info]["partitionMigrationService: State of V7 partition:"]
[118978][1717842031937][main][info]["partitionMigrationService: V7 partitions",[]]
[118978][1717842031938][main][info]["partitionMigrationService~rectifyNamespaceOfScratchPadPartition: There is no partition with scratchpad namespace"]
[118978][1717842031938][main][info]["partitionMigrationService~rectifyNamespaceOfScratchPadPartition: There is no transit partition which could have been used for scratchpad"]
[118978][1717842031938][main][info]["partitionMigrationService~init: Success"]
[118978][1717842031967][main][info]["partitionMigrationService~runV8PartitionsIntegrity: Two way migration~ removing the following partitions from v8",[]]
[118978][1717842031985][main][info]["userPartitionService~_rectifyTheActivePartitionOfApplication: Setting the active partition to ",null]
[118978][1717842032002][main][info]["proxyCertificateService~ensureRootCAPresence: Deleting and creating new certificates"]
[118978][1717842032008][main][info]["userPartitionService~init: Success"]
[118978][1717842032033][main][info]["userPartitionService: State of v8 partition system:"]
[118978][1717842032035][main][info]["shell~init~getPartitionToLoad: loading scratchpad partition"]
[118978][1717842032041][main][info]["userPartitionService: List of partitions:",[]]
[118978][1717842032042][main][info]["userPartitionService: users global meta:",{}]
[118978][1717842032073][main][info]["Main:windowManager~newRequesterWindow: Fetch and update runtime config: undefined"]
[118978][1717842035411][main][info]["RuntimeIPCAgent~started: Success"]
[118978][1717842036237][main][info]["Main~scratchpadThemeAction:: action: set, value: dark"]
[118978][1717842036241][main][info]["Main~scratchpadThemeAction:: action: set, value: dark"]
[118978][1717842036251][main][info]["Main~scratchpadThemeAction:: action: set, value: dark"]
[118978][1717842036296][main][info]["UpdateHandler~app-update-events - Received event",{"name":"checkForElectronVersionUpdated","namespace":"appUpdate"}]
[118978][1717842036328][main][info]["windowManager: First requester booted successfully."]
[118978][1717842036330][main][info]["windowManager~restoreWindows: Restoring requester windows"]
[118978][1717842036331][main][info]["Main~AppEvents - Received booted event for process requester.Version undefined UI Version: undefined Desktop Platform Version: 11.0.4"]
[118978][1717842039065][main][info]["VersionDependencyService: Resetting UI version as user logged out/switched account"]
[118978][1717842039067][main][info]["Main - model-events~user - (users, add) received"]
[118978][1717842039516][main][info]["AuthHandler~open: Received dom-ready event."]
[118978][1717842039526][main][info]["AuthHandler~open: Received did-finish-load event."]
[118978][1717842039736][main][warn]["AuthHandler~open: Current app is not default protocol client - Falling back to polling mechanism."]
[118978][1717842039738][main][info]["newAccountRegionPreferenceService~getPreferenceWithFallback - Preference not found in storage."]
[118978][1717842039739][main][info]["newAccountRegionPreferenceService~getRegionPreference - Using preference:","useUSRegion"]
[118978][1717842039739][main][info]["AuthHandler~open: new Account region preference:","us"]
[118978][1717842039739][main][info]["AuthHandler~open: get multiLoginToken token."]
[118978][1717842039741][main][info]["AuthHandler~open: Publishing initialize event to auth-window channel."]
[118978][1717842421312][main][info]["Shell~init~loginUser: associating the user ","35341493"," with transit partition"]
[118978][1717842421314][main][info]["userPartitionService~getNewPartitionId: creating a partition with userId and teamId as 0"]
[118978][1717842421402][main][info]["userPartitionService~associateTransitPartition: ",{"partitionId":"2f043be6-ac5d-407c-8cc0-bf9a1d255816","context":{"namespace":"users","userId":"35341493","teamId":"0","region":"us"}}]
[118978][1717842421511][main][info]["userPartitionService: State of v8 partition system:"]
[118978][1717842421531][main][info]["userPartitionService: List of partitions:",[{"partitionId":"2f043be6-ac5d-407c-8cc0-bf9a1d255816","namespace":"users","userId":"35341493","teamId":"0","lastUpdated":"2024-06-08T10:27:01.402Z"},{"partitionId":"c22e72ff-8ccc-4edc-99c1-5debafc8f19e","namespace":"scratchPad","userId":0,"teamId":0,"isDirty":false}]]
[118978][1717842421532][main][info]["userPartitionService: users global meta:",{}]
[118978][1717842421556][main][info]["Main:windowManager~newRequesterWindow: Fetch and update runtime config: us"]
[118978][1717842427642][main][info]["Main~getRemoteInitPath:: "]
[118978][1717842428702][main][info]["Main - model-events~user - (user, update) received"]
[118978][1717842428704][main][info]["Main~reload: https://desktop.postman.com/?desktopVersion=11.0.4&userId=35341493&teamId=0&region=us"]
[118978][1717842432828][main][info]["Main~getRemoteInitPath:: "]
[118978][1717842433643][main][info]["Main - model-events~user - (user, update) received"]
[118978][1717842434179][main][info]["UpdateHandler~app-update-events - Received event",{"name":"checkForElectronVersionUpdated","namespace":"appUpdate"}]
[118978][1717842434207][main][info]["windowManager: First requester booted successfully."]
[118978][1717842434207][main][info]["windowManager~restoreWindows: Restoring requester windows"]
[118978][1717842434208][main][info]["Main~AppEvents - Received booted event for process requester.Version 11.0.6 UI Version: 11.0.6-ui-240502-1530 Desktop Platform Version: 11.0.4"]
[118978][1717842434414][main][info]["Main~getRemoteInitPath:: "]
[118978][1717842434664][main][info]["INTERCEPTOR CONNECTIVITY: Attempting to start websocket server on port 15611"]
[118978][1717842437255][main][info]["Main~getPlatformLaunchPerfMetrics"]
[118978][1717842437893][main][info]["Main - model-events~user - (user, bootstrapUser) received"]
[118978][1717842437894][main][info]["model-events~user - bootstrapUser received"]
[118978][1717842438069][main][info]["Main - model-events~user - (user, bootstrapUser) received"]
[118978][1717842438069][main][info]["model-events~user - bootstrapUser received"]
[118978][1717842444691][main][info]["UpdateHandler~app-update-events - Received event",{"name":"updateElectron","namespace":"appUpdate","data":{"channel":"stable","version":"11.0.4","downloadVersion":"11.1.14","appId":"07ab40e9-5a69-49e6-9640-e01f848d58f9","userAgent":"Mozilla/5.0 (X11; Linux x86_64) AppleWebKit/537.36 (KHTML, like Gecko) Postman/11.0.4 Electron/20.3.11 Safari/537.36","platform":"LINUX","arch":"64","downloadURL":"https://dl.pstmn.io/download/version/11.1.14/linux_64","updateServerDomain":"https://dl.pstmn.io/","additionalParamsString":"installationId=07ab40e9-5a69-49e6-9640-e01f848d58f9&userId=35341493&syncEnabled=true&teamPlan=&teamId=0","userId":"35341493"}}]
[118978][1717842444693][main][info]["LinuxUpdater~downloadUpdate - UpdateInfo received",{"channel":"stable","version":"11.0.4","downloadVersion":"11.1.14","appId":"07ab40e9-5a69-49e6-9640-e01f848d58f9","userAgent":"Mozilla/5.0 (X11; Linux x86_64) AppleWebKit/537.36 (KHTML, like Gecko) Postman/11.0.4 Electron/20.3.11 Safari/537.36","platform":"LINUX","arch":"64","downloadURL":"https://dl.pstmn.io/download/version/11.1.14/linux_64","updateServerDomain":"https://dl.pstmn.io/","additionalParamsString":"installationId=07ab40e9-5a69-49e6-9640-e01f848d58f9&userId=35341493&syncEnabled=true&teamPlan=&teamId=0","userId":"35341493"}]
[118978][1717842444810][main][info]["@postman/app-updater: error",{"errno":-13,"code":"EACCES","syscall":"open","path":"/opt/postman/Postman-1717842444694.tar.gz","name":"Error","message":"EACCES: permission denied, open '/opt/postman/Postman-1717842444694.tar.gz'","stack":"Error: EACCES: permission denied, open '/opt/postman/Postman-1717842444694.tar.gz'"},{"packageName":"Postman","eID":"Postman-1717842444694","downloadURL":"https://dl.pstmn.io/download/version/11.1.14/linux_64","downloadDirectory":"/opt/postman","downloadInfo":{"status":"DOWNLOAD_ERROR","error":{"errno":-13,"code":"EACCES","syscall":"open","path":"/opt/postman/Postman-1717842444694.tar.gz"},"downloadDirectory":"/opt/postman"}}]
[118978][1717842444813][main][info]["UpdateHandler~app-update-events - Received event",{"name":"electronAppUpdateError","namespace":"appUpdate","data":{"error":{"errno":-13,"code":"EACCES","syscall":"open","path":"/opt/postman/Postman-1717842444694.tar.gz","name":"Error","message":"EACCES: permission denied, open '/opt/postman/Postman-1717842444694.tar.gz'","stack":"Error: EACCES: permission denied, open '/opt/postman/Postman-1717842444694.tar.gz'"},"updateData":{"packageName":"Postman","eID":"Postman-1717842444694","downloadURL":"https://dl.pstmn.io/download/version/11.1.14/linux_64","downloadDirectory":"/opt/postman","downloadInfo":{"status":"DOWNLOAD_ERROR","error":{"errno":-13,"code":"EACCES","syscall":"open","path":"/opt/postman/Postman-1717842444694.tar.gz"},"downloadDirectory":"/opt/postman"}}}}]
[118978][1717854627103][main][info]["Quitting app"]
[38037][1718030280592][main][info]["Booting Postman 11.0.4, linux-6.6.32-1-lts on x64"]
[38037][1718030280595][main][info]["EventBus~initialize - Success"]
[38037][1718030280598][main][info]["Proxy configuration has not been setup"]
[38037][1718030280598][main][info]["CloudProxyManager~init - Success"]
[38037][1718030280617][main][info]["performShellDataMigration: Migration has already been done. Bailing out"]
[38037][1718030280624][main][info]["UpdateHandler~init - Success"]
[38037][1718030280626][main][info]["LeaderSelection: Initialized successfully"]
[38037][1718030280626][main][info]["VersionDependencyService: Initialized successfully"]
[38037][1718030280633][main][info]["LinuxAutoUpdater~Cleanup - Initial cleanup successful"]
[38037][1718030280653][main][info]["GPU detected VID 32902 DID 39745 ACTIVE true"]
[38037][1718030280661][main][info]["newAccountRegionPreferenceService~getPreferenceWithFallback - Preference not found in storage."]
[38037][1718030280662][main][info]["newAccountRegionPreferenceService~getToggleMenuTemplate - Using preference:","useUSRegion"]
[38037][1718030280686][main][info]["shellController~init: Success"]
[38037][1718030280690][main][info]["shellMeta~init: Success"]
[38037][1718030280691][main][info]["partitionMigrationService: State of V7 partition:"]
[38037][1718030280691][main][info]["partitionMigrationService: V7 partitions",[]]
[38037][1718030280691][main][info]["partitionMigrationService~rectifyNamespaceOfScratchPadPartition: There is no partition with scratchpad namespace"]
[38037][1718030280692][main][info]["partitionMigrationService~rectifyNamespaceOfScratchPadPartition: There is no transit partition which could have been used for scratchpad"]
[38037][1718030280692][main][info]["partitionMigrationService~init: Success"]
[38037][1718030280702][main][info]["partitionMigrationService~runV8PartitionsIntegrity: Two way migration~ removing the following partitions from v8",[]]
[38037][1718030280706][main][info]["userPartitionService~getRecentV8UserPartition: recent v8 user context partition ","2f043be6-ac5d-407c-8cc0-bf9a1d255816"]
[38037][1718030280706][main][info]["userPartitionService~_rectifyTheActivePartitionOfApplication: Setting the active partition to ","2f043be6-ac5d-407c-8cc0-bf9a1d255816"]
[38037][1718030280714][main][info]["userPartitionService~init: Success"]
[38037][1718030280733][main][info]["userPartitionService: State of v8 partition system:"]
[38037][1718030280736][main][info]["shell~init~getPartitionToLoad: loading active partition"]
[38037][1718030280738][main][info]["userPartitionService: List of partitions:",[{"partitionId":"2f043be6-ac5d-407c-8cc0-bf9a1d255816","namespace":"users","userId":"35341493","teamId":"0","lastUpdated":"2024-06-08T10:27:01.402Z"},{"partitionId":"c22e72ff-8ccc-4edc-99c1-5debafc8f19e","namespace":"scratchPad","userId":0,"teamId":0,"isDirty":false}]]
[38037][1718030280738][main][info]["userPartitionService: users global meta:",{}]
[38037][1718030280741][main][info]["Main:windowManager~newRequesterWindow: Fetch and update runtime config: us"]
[38037][1718030282069][main][info]["RuntimeIPCAgent~started: Success"]
[38037][1718030283497][main][info]["Main~getRemoteInitPath:: "]
[38037][1718030284036][main][info]["UpdateHandler~app-update-events - Received event",{"name":"checkForElectronVersionUpdated","namespace":"appUpdate"}]
[38037][1718030284054][main][info]["windowManager: First requester booted successfully."]
[38037][1718030284054][main][info]["windowManager~restoreWindows: Restoring requester windows"]
[38037][1718030284054][main][info]["Main~AppEvents - Received booted event for process requester.Version 11.0.6 UI Version: 11.0.6-ui-240502-1530 Desktop Platform Version: 11.0.4"]
[38037][1718030284202][main][info]["Main~getRemoteInitPath:: "]
[38037][1718030284422][main][info]["INTERCEPTOR CONNECTIVITY: Attempting to start websocket server on port 15611"]
[38037][1718030287864][main][info]["Main~getPlatformLaunchPerfMetrics"]
[38037][1718030287881][main][info]["Main - model-events~user - (user, bootstrapUser) received"]
[38037][1718030287881][main][info]["model-events~user - bootstrapUser received"]
[38037][1718030294362][main][info]["UpdateHandler~app-update-events - Received event",{"name":"updateElectron","namespace":"appUpdate","data":{"channel":"stable","version":"11.0.4","downloadVersion":"11.1.14","appId":"07ab40e9-5a69-49e6-9640-e01f848d58f9","userAgent":"Mozilla/5.0 (X11; Linux x86_64) AppleWebKit/537.36 (KHTML, like Gecko) Postman/11.0.4 Electron/20.3.11 Safari/537.36","platform":"LINUX","arch":"64","downloadURL":"https://dl.pstmn.io/download/version/11.1.14/linux_64","updateServerDomain":"https://dl.pstmn.io/","additionalParamsString":"installationId=07ab40e9-5a69-49e6-9640-e01f848d58f9&userId=35341493&syncEnabled=true&teamPlan=&teamId=0","userId":"35341493"}}]
[38037][1718030294363][main][info]["LinuxUpdater~downloadUpdate - UpdateInfo received",{"channel":"stable","version":"11.0.4","downloadVersion":"11.1.14","appId":"07ab40e9-5a69-49e6-9640-e01f848d58f9","userAgent":"Mozilla/5.0 (X11; Linux x86_64) AppleWebKit/537.36 (KHTML, like Gecko) Postman/11.0.4 Electron/20.3.11 Safari/537.36","platform":"LINUX","arch":"64","downloadURL":"https://dl.pstmn.io/download/version/11.1.14/linux_64","updateServerDomain":"https://dl.pstmn.io/","additionalParamsString":"installationId=07ab40e9-5a69-49e6-9640-e01f848d58f9&userId=35341493&syncEnabled=true&teamPlan=&teamId=0","userId":"35341493"}]
[38037][1718030294465][main][info]["@postman/app-updater: error",{"errno":-13,"code":"EACCES","syscall":"open","path":"/opt/postman/Postman-1718030294363.tar.gz","name":"Error","message":"EACCES: permission denied, open '/opt/postman/Postman-1718030294363.tar.gz'","stack":"Error: EACCES: permission denied, open '/opt/postman/Postman-1718030294363.tar.gz'"},{"packageName":"Postman","eID":"Postman-1718030294363","downloadURL":"https://dl.pstmn.io/download/version/11.1.14/linux_64","downloadDirectory":"/opt/postman","downloadInfo":{"status":"DOWNLOAD_ERROR","error":{"errno":-13,"code":"EACCES","syscall":"open","path":"/opt/postman/Postman-1718030294363.tar.gz"},"downloadDirectory":"/opt/postman"}}]
[38037][1718030294467][main][info]["UpdateHandler~app-update-events - Received event",{"name":"electronAppUpdateError","namespace":"appUpdate","data":{"error":{"errno":-13,"code":"EACCES","syscall":"open","path":"/opt/postman/Postman-1718030294363.tar.gz","name":"Error","message":"EACCES: permission denied, open '/opt/postman/Postman-1718030294363.tar.gz'","stack":"Error: EACCES: permission denied, open '/opt/postman/Postman-1718030294363.tar.gz'"},"updateData":{"packageName":"Postman","eID":"Postman-1718030294363","downloadURL":"https://dl.pstmn.io/download/version/11.1.14/linux_64","downloadDirectory":"/opt/postman","downloadInfo":{"status":"DOWNLOAD_ERROR","error":{"errno":-13,"code":"EACCES","syscall":"open","path":"/opt/postman/Postman-1718030294363.tar.gz"},"downloadDirectory":"/opt/postman"}}}}]
[38037][1718089672473][main][info]["WindowManager~closeHandler - Closed Window (id: 1 )"]
[38037][1718089672480][main][error]["Main~handleUncaughtError - Uncaught errors",{"name":"TypeError","message":"Cannot read properties of undefined (reading 'send')","stack":"TypeError: Cannot read properties of undefined (reading 'send')\n    at Object.sendMessageToInterceptor (/opt/postman/app/resources/app/services/websocketServer.js:144:10)\n    at Object.requesterWindowHandler (/opt/postman/app/resources/app/services/websocketServer.js:389:14)\n    at EventEmitter.emit (node:events:539:35)\n    at EventEmitter.emit (node:domain:475:12)\n    at _dispatch (/opt/postman/app/resources/app/common/_event-bus.js:256:14)\n    at EventBus._publish (/opt/postman/app/resources/app/common/_event-bus.js:207:9)\n    at Object.closedHandler (/opt/postman/app/resources/app/services/windowManager.js:1090:18)\n    at BrowserWindow.emit (node:events:527:28)\n    at BrowserWindow.emit (node:domain:475:12)"}]
[7773][1718093325499][main][info]["Booting Postman 11.0.4, linux-6.6.32-1-lts on x64"]
[7773][1718093325505][main][info]["EventBus~initialize - Success"]
[7773][1718093325510][main][info]["Proxy configuration has not been setup"]
[7773][1718093325511][main][info]["CloudProxyManager~init - Success"]
[7773][1718093325552][main][info]["performShellDataMigration: Migration has already been done. Bailing out"]
[7773][1718093325568][main][info]["UpdateHandler~init - Success"]
[7773][1718093325572][main][info]["LeaderSelection: Initialized successfully"]
[7773][1718093325574][main][info]["VersionDependencyService: Initialized successfully"]
[7773][1718093325585][main][info]["LinuxAutoUpdater~Cleanup - Initial cleanup successful"]
[7773][1718093325621][main][info]["GPU detected VID 32902 DID 39745 ACTIVE true"]
[7773][1718093325626][main][info]["newAccountRegionPreferenceService~getPreferenceWithFallback - Preference not found in storage."]
[7773][1718093325627][main][info]["newAccountRegionPreferenceService~getToggleMenuTemplate - Using preference:","useUSRegion"]
[7773][1718093325662][main][info]["shellController~init: Success"]
[7773][1718093325669][main][info]["shellMeta~init: Success"]
[7773][1718093325669][main][info]["partitionMigrationService: State of V7 partition:"]
[7773][1718093325669][main][info]["partitionMigrationService: V7 partitions",[]]
[7773][1718093325670][main][info]["partitionMigrationService~rectifyNamespaceOfScratchPadPartition: There is no partition with scratchpad namespace"]
[7773][1718093325670][main][info]["partitionMigrationService~rectifyNamespaceOfScratchPadPartition: There is no transit partition which could have been used for scratchpad"]
[7773][1718093325670][main][info]["partitionMigrationService~init: Success"]
[7773][1718093325686][main][info]["partitionMigrationService~runV8PartitionsIntegrity: Two way migration~ removing the following partitions from v8",[]]
[7773][1718093325691][main][info]["userPartitionService~getRecentV8UserPartition: recent v8 user context partition ","2f043be6-ac5d-407c-8cc0-bf9a1d255816"]
[7773][1718093325692][main][info]["userPartitionService~_rectifyTheActivePartitionOfApplication: Setting the active partition to ","2f043be6-ac5d-407c-8cc0-bf9a1d255816"]
[7773][1718093325704][main][info]["userPartitionService~init: Success"]
[7773][1718093325740][main][info]["userPartitionService: State of v8 partition system:"]
[7773][1718093325752][main][info]["shell~init~getPartitionToLoad: loading active partition"]
[7773][1718093325759][main][info]["userPartitionService: List of partitions:",[{"partitionId":"2f043be6-ac5d-407c-8cc0-bf9a1d255816","namespace":"users","userId":"35341493","teamId":"0","lastUpdated":"2024-06-08T10:27:01.402Z"},{"partitionId":"c22e72ff-8ccc-4edc-99c1-5debafc8f19e","namespace":"scratchPad","userId":0,"teamId":0,"isDirty":false}]]
[7773][1718093325761][main][info]["userPartitionService: users global meta:",{}]
[7773][1718093325772][main][info]["Main:windowManager~newRequesterWindow: Fetch and update runtime config: us"]
[7773][1718093327833][main][info]["RuntimeIPCAgent~started: Success"]
[7773][1718093329841][main][info]["Main~getRemoteInitPath:: "]
[7773][1718093330646][main][info]["UpdateHandler~app-update-events - Received event",{"name":"checkForElectronVersionUpdated","namespace":"appUpdate"}]
[7773][1718093330676][main][info]["windowManager: First requester booted successfully."]
[7773][1718093330676][main][info]["windowManager~restoreWindows: Restoring requester windows"]
[7773][1718093330677][main][info]["Main~AppEvents - Received booted event for process requester.Version 11.0.6 UI Version: 11.0.6-ui-240502-1530 Desktop Platform Version: 11.0.4"]
[7773][1718093330889][main][info]["Main~getRemoteInitPath:: "]
[7773][1718093331122][main][info]["INTERCEPTOR CONNECTIVITY: Attempting to start websocket server on port 15611"]
[7773][1718093334506][main][info]["Main~getPlatformLaunchPerfMetrics"]
[7773][1718093335502][main][info]["Main - model-events~user - (user, bootstrapUser) received"]
[7773][1718093335502][main][info]["model-events~user - bootstrapUser received"]
[7773][1718093341446][main][info]["UpdateHandler~app-update-events - Received event",{"name":"updateElectron","namespace":"appUpdate","data":{"channel":"stable","version":"11.0.4","downloadVersion":"11.1.14","appId":"07ab40e9-5a69-49e6-9640-e01f848d58f9","userAgent":"Mozilla/5.0 (X11; Linux x86_64) AppleWebKit/537.36 (KHTML, like Gecko) Postman/11.0.4 Electron/20.3.11 Safari/537.36","platform":"LINUX","arch":"64","downloadURL":"https://dl.pstmn.io/download/version/11.1.14/linux_64","updateServerDomain":"https://dl.pstmn.io/","additionalParamsString":"installationId=07ab40e9-5a69-49e6-9640-e01f848d58f9&userId=35341493&syncEnabled=true&teamPlan=&teamId=0","userId":"35341493"}}]
[7773][1718093341447][main][info]["LinuxUpdater~downloadUpdate - UpdateInfo received",{"channel":"stable","version":"11.0.4","downloadVersion":"11.1.14","appId":"07ab40e9-5a69-49e6-9640-e01f848d58f9","userAgent":"Mozilla/5.0 (X11; Linux x86_64) AppleWebKit/537.36 (KHTML, like Gecko) Postman/11.0.4 Electron/20.3.11 Safari/537.36","platform":"LINUX","arch":"64","downloadURL":"https://dl.pstmn.io/download/version/11.1.14/linux_64","updateServerDomain":"https://dl.pstmn.io/","additionalParamsString":"installationId=07ab40e9-5a69-49e6-9640-e01f848d58f9&userId=35341493&syncEnabled=true&teamPlan=&teamId=0","userId":"35341493"}]
[7773][1718093341581][main][info]["@postman/app-updater: error",{"errno":-13,"code":"EACCES","syscall":"open","path":"/opt/postman/Postman-1718093341448.tar.gz","name":"Error","message":"EACCES: permission denied, open '/opt/postman/Postman-1718093341448.tar.gz'","stack":"Error: EACCES: permission denied, open '/opt/postman/Postman-1718093341448.tar.gz'"},{"packageName":"Postman","eID":"Postman-1718093341448","downloadURL":"https://dl.pstmn.io/download/version/11.1.14/linux_64","downloadDirectory":"/opt/postman","downloadInfo":{"status":"DOWNLOAD_ERROR","error":{"errno":-13,"code":"EACCES","syscall":"open","path":"/opt/postman/Postman-1718093341448.tar.gz"},"downloadDirectory":"/opt/postman"}}]
[7773][1718093341584][main][info]["UpdateHandler~app-update-events - Received event",{"name":"electronAppUpdateError","namespace":"appUpdate","data":{"error":{"errno":-13,"code":"EACCES","syscall":"open","path":"/opt/postman/Postman-1718093341448.tar.gz","name":"Error","message":"EACCES: permission denied, open '/opt/postman/Postman-1718093341448.tar.gz'","stack":"Error: EACCES: permission denied, open '/opt/postman/Postman-1718093341448.tar.gz'"},"updateData":{"packageName":"Postman","eID":"Postman-1718093341448","downloadURL":"https://dl.pstmn.io/download/version/11.1.14/linux_64","downloadDirectory":"/opt/postman","downloadInfo":{"status":"DOWNLOAD_ERROR","error":{"errno":-13,"code":"EACCES","syscall":"open","path":"/opt/postman/Postman-1718093341448.tar.gz"},"downloadDirectory":"/opt/postman"}}}}]
[7773][1718108654937][main][info]["WindowManager~closeHandler - Closed Window (id: 1 )"]
[7773][1718108654963][main][error]["Main~handleUncaughtError - Uncaught errors",{"name":"TypeError","message":"Cannot read properties of undefined (reading 'send')","stack":"TypeError: Cannot read properties of undefined (reading 'send')\n    at Object.sendMessageToInterceptor (/opt/postman/app/resources/app/services/websocketServer.js:144:10)\n    at Object.requesterWindowHandler (/opt/postman/app/resources/app/services/websocketServer.js:389:14)\n    at EventEmitter.emit (node:events:539:35)\n    at EventEmitter.emit (node:domain:475:12)\n    at _dispatch (/opt/postman/app/resources/app/common/_event-bus.js:256:14)\n    at EventBus._publish (/opt/postman/app/resources/app/common/_event-bus.js:207:9)\n    at Object.closedHandler (/opt/postman/app/resources/app/services/windowManager.js:1090:18)\n    at BrowserWindow.emit (node:events:527:28)\n    at BrowserWindow.emit (node:domain:475:12)"}]
[3579][1718108812475][main][info]["Booting Postman 11.0.4, linux-6.6.32-1-lts on x64"]
[3579][1718108812478][main][info]["EventBus~initialize - Success"]
[3579][1718108812480][main][info]["Proxy configuration has not been setup"]
[3579][1718108812480][main][info]["CloudProxyManager~init - Success"]
[3579][1718108812499][main][info]["performShellDataMigration: Migration has already been done. Bailing out"]
[3579][1718108812506][main][info]["UpdateHandler~init - Success"]
[3579][1718108812507][main][info]["LeaderSelection: Initialized successfully"]
[3579][1718108812508][main][info]["VersionDependencyService: Initialized successfully"]
[3579][1718108812514][main][info]["LinuxAutoUpdater~Cleanup - Initial cleanup successful"]
[3579][1718108812530][main][info]["GPU detected VID 32902 DID 39745 ACTIVE true"]
[3579][1718108812538][main][info]["newAccountRegionPreferenceService~getPreferenceWithFallback - Preference not found in storage."]
[3579][1718108812539][main][info]["newAccountRegionPreferenceService~getToggleMenuTemplate - Using preference:","useUSRegion"]
[3579][1718108812564][main][info]["shellController~init: Success"]
[3579][1718108812569][main][info]["shellMeta~init: Success"]
[3579][1718108812569][main][info]["partitionMigrationService: State of V7 partition:"]
[3579][1718108812570][main][info]["partitionMigrationService: V7 partitions",[]]
[3579][1718108812570][main][info]["partitionMigrationService~rectifyNamespaceOfScratchPadPartition: There is no partition with scratchpad namespace"]
[3579][1718108812570][main][info]["partitionMigrationService~rectifyNamespaceOfScratchPadPartition: There is no transit partition which could have been used for scratchpad"]
[3579][1718108812570][main][info]["partitionMigrationService~init: Success"]
[3579][1718108812582][main][info]["partitionMigrationService~runV8PartitionsIntegrity: Two way migration~ removing the following partitions from v8",[]]
[3579][1718108812585][main][info]["userPartitionService~getRecentV8UserPartition: recent v8 user context partition ","2f043be6-ac5d-407c-8cc0-bf9a1d255816"]
[3579][1718108812586][main][info]["userPartitionService~_rectifyTheActivePartitionOfApplication: Setting the active partition to ","2f043be6-ac5d-407c-8cc0-bf9a1d255816"]
[3579][1718108812593][main][info]["userPartitionService~init: Success"]
[3579][1718108812617][main][info]["userPartitionService: State of v8 partition system:"]
[3579][1718108812620][main][info]["shell~init~getPartitionToLoad: loading active partition"]
[3579][1718108812621][main][info]["userPartitionService: List of partitions:",[{"partitionId":"2f043be6-ac5d-407c-8cc0-bf9a1d255816","namespace":"users","userId":"35341493","teamId":"0","lastUpdated":"2024-06-08T10:27:01.402Z"},{"partitionId":"c22e72ff-8ccc-4edc-99c1-5debafc8f19e","namespace":"scratchPad","userId":0,"teamId":0,"isDirty":false}]]
[3579][1718108812621][main][info]["userPartitionService: users global meta:",{}]
[3579][1718108812624][main][info]["Main:windowManager~newRequesterWindow: Fetch and update runtime config: us"]
[3579][1718108813990][main][info]["RuntimeIPCAgent~started: Success"]
[3579][1718108815361][main][info]["Main~getRemoteInitPath:: "]
[3579][1718108815847][main][info]["UpdateHandler~app-update-events - Received event",{"name":"checkForElectronVersionUpdated","namespace":"appUpdate"}]
[3579][1718108815864][main][info]["windowManager: First requester booted successfully."]
[3579][1718108815865][main][info]["windowManager~restoreWindows: Restoring requester windows"]
[3579][1718108815865][main][info]["Main~AppEvents - Received booted event for process requester.Version 11.0.6 UI Version: 11.0.6-ui-240502-1530 Desktop Platform Version: 11.0.4"]
[3579][1718108816007][main][info]["Main~getRemoteInitPath:: "]
[3579][1718108816686][main][info]["INTERCEPTOR CONNECTIVITY: Attempting to start websocket server on port 15611"]
[3579][1718108819138][main][info]["Main~getPlatformLaunchPerfMetrics"]
[3579][1718108819209][main][info]["Main - model-events~user - (user, bootstrapUser) received"]
[3579][1718108819209][main][info]["model-events~user - bootstrapUser received"]
[3579][1718108826367][main][info]["UpdateHandler~app-update-events - Received event",{"name":"updateElectron","namespace":"appUpdate","data":{"channel":"stable","version":"11.0.4","downloadVersion":"11.2.0","appId":"07ab40e9-5a69-49e6-9640-e01f848d58f9","userAgent":"Mozilla/5.0 (X11; Linux x86_64) AppleWebKit/537.36 (KHTML, like Gecko) Postman/11.0.4 Electron/20.3.11 Safari/537.36","platform":"LINUX","arch":"64","downloadURL":"https://dl.pstmn.io/download/version/11.2.0/linux_64","updateServerDomain":"https://dl.pstmn.io/","additionalParamsString":"installationId=07ab40e9-5a69-49e6-9640-e01f848d58f9&userId=35341493&syncEnabled=true&teamPlan=&teamId=0","userId":"35341493"}}]
[3579][1718108826367][main][info]["LinuxUpdater~downloadUpdate - UpdateInfo received",{"channel":"stable","version":"11.0.4","downloadVersion":"11.2.0","appId":"07ab40e9-5a69-49e6-9640-e01f848d58f9","userAgent":"Mozilla/5.0 (X11; Linux x86_64) AppleWebKit/537.36 (KHTML, like Gecko) Postman/11.0.4 Electron/20.3.11 Safari/537.36","platform":"LINUX","arch":"64","downloadURL":"https://dl.pstmn.io/download/version/11.2.0/linux_64","updateServerDomain":"https://dl.pstmn.io/","additionalParamsString":"installationId=07ab40e9-5a69-49e6-9640-e01f848d58f9&userId=35341493&syncEnabled=true&teamPlan=&teamId=0","userId":"35341493"}]
[3579][1718108826463][main][info]["@postman/app-updater: error",{"errno":-13,"code":"EACCES","syscall":"open","path":"/opt/postman/Postman-1718108826368.tar.gz","name":"Error","message":"EACCES: permission denied, open '/opt/postman/Postman-1718108826368.tar.gz'","stack":"Error: EACCES: permission denied, open '/opt/postman/Postman-1718108826368.tar.gz'"},{"packageName":"Postman","eID":"Postman-1718108826368","downloadURL":"https://dl.pstmn.io/download/version/11.2.0/linux_64","downloadDirectory":"/opt/postman","downloadInfo":{"status":"DOWNLOAD_ERROR","error":{"errno":-13,"code":"EACCES","syscall":"open","path":"/opt/postman/Postman-1718108826368.tar.gz"},"downloadDirectory":"/opt/postman"}}]
[3579][1718108826465][main][info]["UpdateHandler~app-update-events - Received event",{"name":"electronAppUpdateError","namespace":"appUpdate","data":{"error":{"errno":-13,"code":"EACCES","syscall":"open","path":"/opt/postman/Postman-1718108826368.tar.gz","name":"Error","message":"EACCES: permission denied, open '/opt/postman/Postman-1718108826368.tar.gz'","stack":"Error: EACCES: permission denied, open '/opt/postman/Postman-1718108826368.tar.gz'"},"updateData":{"packageName":"Postman","eID":"Postman-1718108826368","downloadURL":"https://dl.pstmn.io/download/version/11.2.0/linux_64","downloadDirectory":"/opt/postman","downloadInfo":{"status":"DOWNLOAD_ERROR","error":{"errno":-13,"code":"EACCES","syscall":"open","path":"/opt/postman/Postman-1718108826368.tar.gz"},"downloadDirectory":"/opt/postman"}}}}]
[3579][1718110050838][main][info]["WindowManager~closeHandler - Closed Window (id: 1 )"]
[3579][1718110050857][main][error]["Main~handleUncaughtError - Uncaught errors",{"name":"TypeError","message":"Cannot read properties of undefined (reading 'send')","stack":"TypeError: Cannot read properties of undefined (reading 'send')\n    at Object.sendMessageToInterceptor (/opt/postman/app/resources/app/services/websocketServer.js:144:10)\n    at Object.requesterWindowHandler (/opt/postman/app/resources/app/services/websocketServer.js:389:14)\n    at EventEmitter.emit (node:events:539:35)\n    at EventEmitter.emit (node:domain:475:12)\n    at _dispatch (/opt/postman/app/resources/app/common/_event-bus.js:256:14)\n    at EventBus._publish (/opt/postman/app/resources/app/common/_event-bus.js:207:9)\n    at Object.closedHandler (/opt/postman/app/resources/app/services/windowManager.js:1090:18)\n    at BrowserWindow.emit (node:events:527:28)\n    at BrowserWindow.emit (node:domain:475:12)"}]
[9783][1718110055111][main][info]["Booting Postman 11.0.4, linux-6.6.32-1-lts on x64"]
[9783][1718110055114][main][info]["EventBus~initialize - Success"]
[9783][1718110055116][main][info]["Proxy configuration has not been setup"]
[9783][1718110055116][main][info]["CloudProxyManager~init - Success"]
[9783][1718110055134][main][info]["performShellDataMigration: Migration has already been done. Bailing out"]
[9783][1718110055141][main][info]["UpdateHandler~init - Success"]
[9783][1718110055142][main][info]["LeaderSelection: Initialized successfully"]
[9783][1718110055143][main][info]["VersionDependencyService: Initialized successfully"]
[9783][1718110055150][main][info]["LinuxAutoUpdater~Cleanup - Initial cleanup successful"]
[9783][1718110055171][main][info]["GPU detected VID 32902 DID 39745 ACTIVE true"]
[9783][1718110055174][main][info]["newAccountRegionPreferenceService~getPreferenceWithFallback - Preference not found in storage."]
[9783][1718110055174][main][info]["newAccountRegionPreferenceService~getToggleMenuTemplate - Using preference:","useUSRegion"]
[9783][1718110055198][main][info]["shellController~init: Success"]
[9783][1718110055203][main][info]["shellMeta~init: Success"]
[9783][1718110055203][main][info]["partitionMigrationService: State of V7 partition:"]
[9783][1718110055203][main][info]["partitionMigrationService: V7 partitions",[]]
[9783][1718110055203][main][info]["partitionMigrationService~rectifyNamespaceOfScratchPadPartition: There is no partition with scratchpad namespace"]
[9783][1718110055204][main][info]["partitionMigrationService~rectifyNamespaceOfScratchPadPartition: There is no transit partition which could have been used for scratchpad"]
[9783][1718110055204][main][info]["partitionMigrationService~init: Success"]
[9783][1718110055214][main][info]["partitionMigrationService~runV8PartitionsIntegrity: Two way migration~ removing the following partitions from v8",[]]
[9783][1718110055217][main][info]["userPartitionService~getRecentV8UserPartition: recent v8 user context partition ","2f043be6-ac5d-407c-8cc0-bf9a1d255816"]
[9783][1718110055217][main][info]["userPartitionService~_rectifyTheActivePartitionOfApplication: Setting the active partition to ","2f043be6-ac5d-407c-8cc0-bf9a1d255816"]
[9783][1718110055225][main][info]["userPartitionService~init: Success"]
[9783][1718110055245][main][info]["userPartitionService: State of v8 partition system:"]
[9783][1718110055247][main][info]["shell~init~getPartitionToLoad: loading active partition"]
[9783][1718110055249][main][info]["userPartitionService: List of partitions:",[{"partitionId":"2f043be6-ac5d-407c-8cc0-bf9a1d255816","namespace":"users","userId":"35341493","teamId":"0","lastUpdated":"2024-06-08T10:27:01.402Z"},{"partitionId":"c22e72ff-8ccc-4edc-99c1-5debafc8f19e","namespace":"scratchPad","userId":0,"teamId":0,"isDirty":false}]]
[9783][1718110055249][main][info]["userPartitionService: users global meta:",{}]
[9783][1718110055252][main][info]["Main:windowManager~newRequesterWindow: Fetch and update runtime config: us"]
[9783][1718110056236][main][info]["RuntimeIPCAgent~started: Success"]
[9783][1718110057565][main][info]["Main~getRemoteInitPath:: "]
[9783][1718110058079][main][info]["UpdateHandler~app-update-events - Received event",{"name":"checkForElectronVersionUpdated","namespace":"appUpdate"}]
[9783][1718110058097][main][info]["windowManager: First requester booted successfully."]
[9783][1718110058098][main][info]["windowManager~restoreWindows: Restoring requester windows"]
[9783][1718110058098][main][info]["Main~AppEvents - Received booted event for process requester.Version 11.0.6 UI Version: 11.0.6-ui-240502-1530 Desktop Platform Version: 11.0.4"]
[9783][1718110058236][main][info]["Main~getRemoteInitPath:: "]
[9783][1718110058389][main][info]["INTERCEPTOR CONNECTIVITY: Attempting to start websocket server on port 15611"]
[9783][1718110061291][main][info]["Main~getPlatformLaunchPerfMetrics"]
[9783][1718110061305][main][info]["Main - model-events~user - (user, bootstrapUser) received"]
[9783][1718110061305][main][info]["model-events~user - bootstrapUser received"]
[9783][1718110068576][main][info]["UpdateHandler~app-update-events - Received event",{"name":"updateElectron","namespace":"appUpdate","data":{"channel":"stable","version":"11.0.4","downloadVersion":"11.2.0","appId":"07ab40e9-5a69-49e6-9640-e01f848d58f9","userAgent":"Mozilla/5.0 (X11; Linux x86_64) AppleWebKit/537.36 (KHTML, like Gecko) Postman/11.0.4 Electron/20.3.11 Safari/537.36","platform":"LINUX","arch":"64","downloadURL":"https://dl.pstmn.io/download/version/11.2.0/linux_64","updateServerDomain":"https://dl.pstmn.io/","additionalParamsString":"installationId=07ab40e9-5a69-49e6-9640-e01f848d58f9&userId=35341493&syncEnabled=true&teamPlan=&teamId=0","userId":"35341493"}}]
[9783][1718110068576][main][info]["LinuxUpdater~downloadUpdate - UpdateInfo received",{"channel":"stable","version":"11.0.4","downloadVersion":"11.2.0","appId":"07ab40e9-5a69-49e6-9640-e01f848d58f9","userAgent":"Mozilla/5.0 (X11; Linux x86_64) AppleWebKit/537.36 (KHTML, like Gecko) Postman/11.0.4 Electron/20.3.11 Safari/537.36","platform":"LINUX","arch":"64","downloadURL":"https://dl.pstmn.io/download/version/11.2.0/linux_64","updateServerDomain":"https://dl.pstmn.io/","additionalParamsString":"installationId=07ab40e9-5a69-49e6-9640-e01f848d58f9&userId=35341493&syncEnabled=true&teamPlan=&teamId=0","userId":"35341493"}]
[9783][1718110068656][main][info]["@postman/app-updater: error",{"errno":-13,"code":"EACCES","syscall":"open","path":"/opt/postman/Postman-1718110068576.tar.gz","name":"Error","message":"EACCES: permission denied, open '/opt/postman/Postman-1718110068576.tar.gz'","stack":"Error: EACCES: permission denied, open '/opt/postman/Postman-1718110068576.tar.gz'"},{"packageName":"Postman","eID":"Postman-1718110068576","downloadURL":"https://dl.pstmn.io/download/version/11.2.0/linux_64","downloadDirectory":"/opt/postman","downloadInfo":{"status":"DOWNLOAD_ERROR","error":{"errno":-13,"code":"EACCES","syscall":"open","path":"/opt/postman/Postman-1718110068576.tar.gz"},"downloadDirectory":"/opt/postman"}}]
[9783][1718110068659][main][info]["UpdateHandler~app-update-events - Received event",{"name":"electronAppUpdateError","namespace":"appUpdate","data":{"error":{"errno":-13,"code":"EACCES","syscall":"open","path":"/opt/postman/Postman-1718110068576.tar.gz","name":"Error","message":"EACCES: permission denied, open '/opt/postman/Postman-1718110068576.tar.gz'","stack":"Error: EACCES: permission denied, open '/opt/postman/Postman-1718110068576.tar.gz'"},"updateData":{"packageName":"Postman","eID":"Postman-1718110068576","downloadURL":"https://dl.pstmn.io/download/version/11.2.0/linux_64","downloadDirectory":"/opt/postman","downloadInfo":{"status":"DOWNLOAD_ERROR","error":{"errno":-13,"code":"EACCES","syscall":"open","path":"/opt/postman/Postman-1718110068576.tar.gz"},"downloadDirectory":"/opt/postman"}}}}]
[9783][1718126189418][main][info]["WindowManager~closeHandler - Closed Window (id: 1 )"]
[9783][1718126189426][main][error]["Main~handleUncaughtError - Uncaught errors",{"name":"TypeError","message":"Cannot read properties of undefined (reading 'send')","stack":"TypeError: Cannot read properties of undefined (reading 'send')\n    at Object.sendMessageToInterceptor (/opt/postman/app/resources/app/services/websocketServer.js:144:10)\n    at Object.requesterWindowHandler (/opt/postman/app/resources/app/services/websocketServer.js:389:14)\n    at EventEmitter.emit (node:events:539:35)\n    at EventEmitter.emit (node:domain:475:12)\n    at _dispatch (/opt/postman/app/resources/app/common/_event-bus.js:256:14)\n    at EventBus._publish (/opt/postman/app/resources/app/common/_event-bus.js:207:9)\n    at Object.closedHandler (/opt/postman/app/resources/app/services/windowManager.js:1090:18)\n    at BrowserWindow.emit (node:events:527:28)\n    at BrowserWindow.emit (node:domain:475:12)"}]
[4772][1718127065088][main][info]["Booting Postman 11.0.4, linux-6.6.32-1-lts on x64"]
[4772][1718127065090][main][info]["EventBus~initialize - Success"]
[4772][1718127065092][main][info]["Proxy configuration has not been setup"]
[4772][1718127065093][main][info]["CloudProxyManager~init - Success"]
[4772][1718127065111][main][info]["performShellDataMigration: Migration has already been done. Bailing out"]
[4772][1718127065117][main][info]["UpdateHandler~init - Success"]
[4772][1718127065119][main][info]["LeaderSelection: Initialized successfully"]
[4772][1718127065119][main][info]["VersionDependencyService: Initialized successfully"]
[4772][1718127065125][main][info]["LinuxAutoUpdater~Cleanup - Initial cleanup successful"]
[4772][1718127065142][main][info]["GPU detected VID 32902 DID 39745 ACTIVE true"]
[4772][1718127065150][main][info]["newAccountRegionPreferenceService~getPreferenceWithFallback - Preference not found in storage."]
[4772][1718127065150][main][info]["newAccountRegionPreferenceService~getToggleMenuTemplate - Using preference:","useUSRegion"]
[4772][1718127065173][main][info]["shellController~init: Success"]
[4772][1718127065184][main][info]["shellMeta~init: Success"]
[4772][1718127065184][main][info]["partitionMigrationService: State of V7 partition:"]
[4772][1718127065184][main][info]["partitionMigrationService: V7 partitions",[]]
[4772][1718127065184][main][info]["partitionMigrationService~rectifyNamespaceOfScratchPadPartition: There is no partition with scratchpad namespace"]
[4772][1718127065185][main][info]["partitionMigrationService~rectifyNamespaceOfScratchPadPartition: There is no transit partition which could have been used for scratchpad"]
[4772][1718127065185][main][info]["partitionMigrationService~init: Success"]
[4772][1718127065196][main][info]["partitionMigrationService~runV8PartitionsIntegrity: Two way migration~ removing the following partitions from v8",[]]
[4772][1718127065199][main][info]["userPartitionService~getRecentV8UserPartition: recent v8 user context partition ","2f043be6-ac5d-407c-8cc0-bf9a1d255816"]
[4772][1718127065199][main][info]["userPartitionService~_rectifyTheActivePartitionOfApplication: Setting the active partition to ","2f043be6-ac5d-407c-8cc0-bf9a1d255816"]
[4772][1718127065207][main][info]["userPartitionService~init: Success"]
[4772][1718127065224][main][info]["userPartitionService: State of v8 partition system:"]
[4772][1718127065226][main][info]["shell~init~getPartitionToLoad: loading active partition"]
[4772][1718127065228][main][info]["userPartitionService: List of partitions:",[{"partitionId":"2f043be6-ac5d-407c-8cc0-bf9a1d255816","namespace":"users","userId":"35341493","teamId":"0","lastUpdated":"2024-06-08T10:27:01.402Z"},{"partitionId":"c22e72ff-8ccc-4edc-99c1-5debafc8f19e","namespace":"scratchPad","userId":0,"teamId":0,"isDirty":false}]]
[4772][1718127065228][main][info]["userPartitionService: users global meta:",{}]
[4772][1718127065231][main][info]["Main:windowManager~newRequesterWindow: Fetch and update runtime config: us"]
[4772][1718127066574][main][info]["RuntimeIPCAgent~started: Success"]
[4772][1718127067976][main][info]["Main~getRemoteInitPath:: "]
[4772][1718127068505][main][info]["UpdateHandler~app-update-events - Received event",{"name":"checkForElectronVersionUpdated","namespace":"appUpdate"}]
[4772][1718127068530][main][info]["windowManager: First requester booted successfully."]
[4772][1718127068530][main][info]["windowManager~restoreWindows: Restoring requester windows"]
[4772][1718127068530][main][info]["Main~AppEvents - Received booted event for process requester.Version 11.0.6 UI Version: 11.0.6-ui-240502-1530 Desktop Platform Version: 11.0.4"]
[4772][1718127068676][main][info]["Main~getRemoteInitPath:: "]
[4772][1718127069464][main][info]["INTERCEPTOR CONNECTIVITY: Attempting to start websocket server on port 15611"]
[4772][1718127071690][main][info]["Main~getPlatformLaunchPerfMetrics"]
[4772][1718127072959][main][info]["Main - model-events~user - (user, bootstrapUser) received"]
[4772][1718127072960][main][info]["model-events~user - bootstrapUser received"]
[4772][1718127078789][main][info]["UpdateHandler~app-update-events - Received event",{"name":"updateElectron","namespace":"appUpdate","data":{"channel":"stable","version":"11.0.4","downloadVersion":"11.2.0","appId":"07ab40e9-5a69-49e6-9640-e01f848d58f9","userAgent":"Mozilla/5.0 (X11; Linux x86_64) AppleWebKit/537.36 (KHTML, like Gecko) Postman/11.0.4 Electron/20.3.11 Safari/537.36","platform":"LINUX","arch":"64","downloadURL":"https://dl.pstmn.io/download/version/11.2.0/linux_64","updateServerDomain":"https://dl.pstmn.io/","additionalParamsString":"installationId=07ab40e9-5a69-49e6-9640-e01f848d58f9&userId=35341493&syncEnabled=true&teamPlan=&teamId=0","userId":"35341493"}}]
[4772][1718127078789][main][info]["LinuxUpdater~downloadUpdate - UpdateInfo received",{"channel":"stable","version":"11.0.4","downloadVersion":"11.2.0","appId":"07ab40e9-5a69-49e6-9640-e01f848d58f9","userAgent":"Mozilla/5.0 (X11; Linux x86_64) AppleWebKit/537.36 (KHTML, like Gecko) Postman/11.0.4 Electron/20.3.11 Safari/537.36","platform":"LINUX","arch":"64","downloadURL":"https://dl.pstmn.io/download/version/11.2.0/linux_64","updateServerDomain":"https://dl.pstmn.io/","additionalParamsString":"installationId=07ab40e9-5a69-49e6-9640-e01f848d58f9&userId=35341493&syncEnabled=true&teamPlan=&teamId=0","userId":"35341493"}]
[4772][1718127078888][main][info]["@postman/app-updater: error",{"errno":-13,"code":"EACCES","syscall":"open","path":"/opt/postman/Postman-1718127078789.tar.gz","name":"Error","message":"EACCES: permission denied, open '/opt/postman/Postman-1718127078789.tar.gz'","stack":"Error: EACCES: permission denied, open '/opt/postman/Postman-1718127078789.tar.gz'"},{"packageName":"Postman","eID":"Postman-1718127078789","downloadURL":"https://dl.pstmn.io/download/version/11.2.0/linux_64","downloadDirectory":"/opt/postman","downloadInfo":{"status":"DOWNLOAD_ERROR","error":{"errno":-13,"code":"EACCES","syscall":"open","path":"/opt/postman/Postman-1718127078789.tar.gz"},"downloadDirectory":"/opt/postman"}}]
[4772][1718127078890][main][info]["UpdateHandler~app-update-events - Received event",{"name":"electronAppUpdateError","namespace":"appUpdate","data":{"error":{"errno":-13,"code":"EACCES","syscall":"open","path":"/opt/postman/Postman-1718127078789.tar.gz","name":"Error","message":"EACCES: permission denied, open '/opt/postman/Postman-1718127078789.tar.gz'","stack":"Error: EACCES: permission denied, open '/opt/postman/Postman-1718127078789.tar.gz'"},"updateData":{"packageName":"Postman","eID":"Postman-1718127078789","downloadURL":"https://dl.pstmn.io/download/version/11.2.0/linux_64","downloadDirectory":"/opt/postman","downloadInfo":{"status":"DOWNLOAD_ERROR","error":{"errno":-13,"code":"EACCES","syscall":"open","path":"/opt/postman/Postman-1718127078789.tar.gz"},"downloadDirectory":"/opt/postman"}}}}]
[4772][1718128479553][main][info]["WindowManager~closeHandler - Closed Window (id: 1 )"]
[4772][1718128479577][main][error]["Main~handleUncaughtError - Uncaught errors",{"name":"TypeError","message":"Cannot read properties of undefined (reading 'send')","stack":"TypeError: Cannot read properties of undefined (reading 'send')\n    at Object.sendMessageToInterceptor (/opt/postman/app/resources/app/services/websocketServer.js:144:10)\n    at Object.requesterWindowHandler (/opt/postman/app/resources/app/services/websocketServer.js:389:14)\n    at EventEmitter.emit (node:events:539:35)\n    at EventEmitter.emit (node:domain:475:12)\n    at _dispatch (/opt/postman/app/resources/app/common/_event-bus.js:256:14)\n    at EventBus._publish (/opt/postman/app/resources/app/common/_event-bus.js:207:9)\n    at Object.closedHandler (/opt/postman/app/resources/app/services/windowManager.js:1090:18)\n    at BrowserWindow.emit (node:events:527:28)\n    at BrowserWindow.emit (node:domain:475:12)"}]
[5291][1718176436278][main][info]["Booting Postman 11.0.4, linux-6.6.32-1-lts on x64"]
[5291][1718176436281][main][info]["EventBus~initialize - Success"]
[5291][1718176436283][main][info]["Proxy configuration has not been setup"]
[5291][1718176436283][main][info]["CloudProxyManager~init - Success"]
[5291][1718176436301][main][info]["performShellDataMigration: Migration has already been done. Bailing out"]
[5291][1718176436308][main][info]["UpdateHandler~init - Success"]
[5291][1718176436309][main][info]["LeaderSelection: Initialized successfully"]
[5291][1718176436310][main][info]["VersionDependencyService: Initialized successfully"]
[5291][1718176436316][main][info]["LinuxAutoUpdater~Cleanup - Initial cleanup successful"]
[5291][1718176436338][main][info]["GPU detected VID 32902 DID 39745 ACTIVE true"]
[5291][1718176436341][main][info]["newAccountRegionPreferenceService~getPreferenceWithFallback - Preference not found in storage."]
[5291][1718176436342][main][info]["newAccountRegionPreferenceService~getToggleMenuTemplate - Using preference:","useUSRegion"]
[5291][1718176436365][main][info]["shellController~init: Success"]
[5291][1718176436370][main][info]["shellMeta~init: Success"]
[5291][1718176436370][main][info]["partitionMigrationService: State of V7 partition:"]
[5291][1718176436370][main][info]["partitionMigrationService: V7 partitions",[]]
[5291][1718176436370][main][info]["partitionMigrationService~rectifyNamespaceOfScratchPadPartition: There is no partition with scratchpad namespace"]
[5291][1718176436370][main][info]["partitionMigrationService~rectifyNamespaceOfScratchPadPartition: There is no transit partition which could have been used for scratchpad"]
[5291][1718176436371][main][info]["partitionMigrationService~init: Success"]
[5291][1718176436379][main][info]["partitionMigrationService~runV8PartitionsIntegrity: Two way migration~ removing the following partitions from v8",[]]
[5291][1718176436383][main][info]["userPartitionService~getRecentV8UserPartition: recent v8 user context partition ","2f043be6-ac5d-407c-8cc0-bf9a1d255816"]
[5291][1718176436383][main][info]["userPartitionService~_rectifyTheActivePartitionOfApplication: Setting the active partition to ","2f043be6-ac5d-407c-8cc0-bf9a1d255816"]
[5291][1718176436392][main][info]["userPartitionService~init: Success"]
[5291][1718176436410][main][info]["userPartitionService: State of v8 partition system:"]
[5291][1718176436412][main][info]["shell~init~getPartitionToLoad: loading active partition"]
[5291][1718176436414][main][info]["userPartitionService: List of partitions:",[{"partitionId":"2f043be6-ac5d-407c-8cc0-bf9a1d255816","namespace":"users","userId":"35341493","teamId":"0","lastUpdated":"2024-06-08T10:27:01.402Z"},{"partitionId":"c22e72ff-8ccc-4edc-99c1-5debafc8f19e","namespace":"scratchPad","userId":0,"teamId":0,"isDirty":false}]]
[5291][1718176436414][main][info]["userPartitionService: users global meta:",{}]
[5291][1718176436417][main][info]["Main:windowManager~newRequesterWindow: Fetch and update runtime config: us"]
[5291][1718176437636][main][info]["RuntimeIPCAgent~started: Success"]
[5291][1718176439083][main][info]["Main~getRemoteInitPath:: "]
[5291][1718176439582][main][info]["UpdateHandler~app-update-events - Received event",{"name":"checkForElectronVersionUpdated","namespace":"appUpdate"}]
[5291][1718176439605][main][info]["windowManager: First requester booted successfully."]
[5291][1718176439606][main][info]["windowManager~restoreWindows: Restoring requester windows"]
[5291][1718176439606][main][info]["Main~AppEvents - Received booted event for process requester.Version 11.0.6 UI Version: 11.0.6-ui-240502-1530 Desktop Platform Version: 11.0.4"]
[5291][1718176439738][main][info]["Main~getRemoteInitPath:: "]
[5291][1718176439958][main][info]["INTERCEPTOR CONNECTIVITY: Attempting to start websocket server on port 15611"]
[5291][1718176442203][main][info]["Main~getPlatformLaunchPerfMetrics"]
[5291][1718176443563][main][info]["Main - model-events~user - (user, bootstrapUser) received"]
[5291][1718176443563][main][info]["model-events~user - bootstrapUser received"]
[5291][1718176449888][main][info]["UpdateHandler~app-update-events - Received event",{"name":"updateElectron","namespace":"appUpdate","data":{"channel":"stable","version":"11.0.4","downloadVersion":"11.2.0","appId":"07ab40e9-5a69-49e6-9640-e01f848d58f9","userAgent":"Mozilla/5.0 (X11; Linux x86_64) AppleWebKit/537.36 (KHTML, like Gecko) Postman/11.0.4 Electron/20.3.11 Safari/537.36","platform":"LINUX","arch":"64","downloadURL":"https://dl.pstmn.io/download/version/11.2.0/linux_64","updateServerDomain":"https://dl.pstmn.io/","additionalParamsString":"installationId=07ab40e9-5a69-49e6-9640-e01f848d58f9&userId=35341493&syncEnabled=true&teamPlan=&teamId=0","userId":"35341493"}}]
[5291][1718176449889][main][info]["LinuxUpdater~downloadUpdate - UpdateInfo received",{"channel":"stable","version":"11.0.4","downloadVersion":"11.2.0","appId":"07ab40e9-5a69-49e6-9640-e01f848d58f9","userAgent":"Mozilla/5.0 (X11; Linux x86_64) AppleWebKit/537.36 (KHTML, like Gecko) Postman/11.0.4 Electron/20.3.11 Safari/537.36","platform":"LINUX","arch":"64","downloadURL":"https://dl.pstmn.io/download/version/11.2.0/linux_64","updateServerDomain":"https://dl.pstmn.io/","additionalParamsString":"installationId=07ab40e9-5a69-49e6-9640-e01f848d58f9&userId=35341493&syncEnabled=true&teamPlan=&teamId=0","userId":"35341493"}]
[5291][1718176449968][main][info]["@postman/app-updater: error",{"errno":-13,"code":"EACCES","syscall":"open","path":"/opt/postman/Postman-1718176449889.tar.gz","name":"Error","message":"EACCES: permission denied, open '/opt/postman/Postman-1718176449889.tar.gz'","stack":"Error: EACCES: permission denied, open '/opt/postman/Postman-1718176449889.tar.gz'"},{"packageName":"Postman","eID":"Postman-1718176449889","downloadURL":"https://dl.pstmn.io/download/version/11.2.0/linux_64","downloadDirectory":"/opt/postman","downloadInfo":{"status":"DOWNLOAD_ERROR","error":{"errno":-13,"code":"EACCES","syscall":"open","path":"/opt/postman/Postman-1718176449889.tar.gz"},"downloadDirectory":"/opt/postman"}}]
[5291][1718176449969][main][info]["UpdateHandler~app-update-events - Received event",{"name":"electronAppUpdateError","namespace":"appUpdate","data":{"error":{"errno":-13,"code":"EACCES","syscall":"open","path":"/opt/postman/Postman-1718176449889.tar.gz","name":"Error","message":"EACCES: permission denied, open '/opt/postman/Postman-1718176449889.tar.gz'","stack":"Error: EACCES: permission denied, open '/opt/postman/Postman-1718176449889.tar.gz'"},"updateData":{"packageName":"Postman","eID":"Postman-1718176449889","downloadURL":"https://dl.pstmn.io/download/version/11.2.0/linux_64","downloadDirectory":"/opt/postman","downloadInfo":{"status":"DOWNLOAD_ERROR","error":{"errno":-13,"code":"EACCES","syscall":"open","path":"/opt/postman/Postman-1718176449889.tar.gz"},"downloadDirectory":"/opt/postman"}}}}]
[5291][1718177387897][main][info]["Quitting app"]
[6375][1718182383527][main][info]["Booting Postman 11.0.4, linux-6.6.32-1-lts on x64"]
[6375][1718182383530][main][info]["EventBus~initialize - Success"]
[6375][1718182383532][main][info]["Proxy configuration has not been setup"]
[6375][1718182383532][main][info]["CloudProxyManager~init - Success"]
[6375][1718182383551][main][info]["performShellDataMigration: Migration has already been done. Bailing out"]
[6375][1718182383557][main][info]["UpdateHandler~init - Success"]
[6375][1718182383559][main][info]["LeaderSelection: Initialized successfully"]
[6375][1718182383559][main][info]["VersionDependencyService: Initialized successfully"]
[6375][1718182383566][main][info]["LinuxAutoUpdater~Cleanup - Initial cleanup successful"]
[6375][1718182383592][main][info]["GPU detected VID 32902 DID 39745 ACTIVE true"]
[6375][1718182383596][main][info]["newAccountRegionPreferenceService~getPreferenceWithFallback - Preference not found in storage."]
[6375][1718182383596][main][info]["newAccountRegionPreferenceService~getToggleMenuTemplate - Using preference:","useUSRegion"]
[6375][1718182383610][main][info]["shellController~init: Success"]
[6375][1718182383621][main][info]["shellMeta~init: Success"]
[6375][1718182383621][main][info]["partitionMigrationService: State of V7 partition:"]
[6375][1718182383622][main][info]["partitionMigrationService: V7 partitions",[]]
[6375][1718182383622][main][info]["partitionMigrationService~rectifyNamespaceOfScratchPadPartition: There is no partition with scratchpad namespace"]
[6375][1718182383622][main][info]["partitionMigrationService~rectifyNamespaceOfScratchPadPartition: There is no transit partition which could have been used for scratchpad"]
[6375][1718182383622][main][info]["partitionMigrationService~init: Success"]
[6375][1718182383632][main][info]["partitionMigrationService~runV8PartitionsIntegrity: Two way migration~ removing the following partitions from v8",[]]
[6375][1718182383636][main][info]["userPartitionService~getRecentV8UserPartition: recent v8 user context partition ","2f043be6-ac5d-407c-8cc0-bf9a1d255816"]
[6375][1718182383636][main][info]["userPartitionService~_rectifyTheActivePartitionOfApplication: Setting the active partition to ","2f043be6-ac5d-407c-8cc0-bf9a1d255816"]
[6375][1718182383644][main][info]["userPartitionService~init: Success"]
[6375][1718182383663][main][info]["userPartitionService: State of v8 partition system:"]
[6375][1718182383666][main][info]["shell~init~getPartitionToLoad: loading active partition"]
[6375][1718182383667][main][info]["userPartitionService: List of partitions:",[{"partitionId":"2f043be6-ac5d-407c-8cc0-bf9a1d255816","namespace":"users","userId":"35341493","teamId":"0","lastUpdated":"2024-06-08T10:27:01.402Z"},{"partitionId":"c22e72ff-8ccc-4edc-99c1-5debafc8f19e","namespace":"scratchPad","userId":0,"teamId":0,"isDirty":false}]]
[6375][1718182383667][main][info]["userPartitionService: users global meta:",{}]
[6375][1718182383670][main][info]["Main:windowManager~newRequesterWindow: Fetch and update runtime config: us"]
[6375][1718182385076][main][info]["RuntimeIPCAgent~started: Success"]
[6375][1718182386532][main][info]["Main~getRemoteInitPath:: "]
[6375][1718182387087][main][info]["UpdateHandler~app-update-events - Received event",{"name":"checkForElectronVersionUpdated","namespace":"appUpdate"}]
[6375][1718182387105][main][info]["windowManager: First requester booted successfully."]
[6375][1718182387106][main][info]["windowManager~restoreWindows: Restoring requester windows"]
[6375][1718182387106][main][info]["Main~AppEvents - Received booted event for process requester.Version 11.0.6 UI Version: 11.0.6-ui-240502-1530 Desktop Platform Version: 11.0.4"]
[6375][1718182387252][main][info]["Main~getRemoteInitPath:: "]
[6375][1718182388013][main][info]["INTERCEPTOR CONNECTIVITY: Attempting to start websocket server on port 15611"]
[6375][1718182391830][main][info]["Main - model-events~user - (user, bootstrapUser) received"]
[6375][1718182391830][main][info]["model-events~user - bootstrapUser received"]
[6375][1718182391833][main][info]["Main~getPlatformLaunchPerfMetrics"]
[6375][1718182397414][main][info]["UpdateHandler~app-update-events - Received event",{"name":"updateElectron","namespace":"appUpdate","data":{"channel":"stable","version":"11.0.4","downloadVersion":"11.2.0","appId":"07ab40e9-5a69-49e6-9640-e01f848d58f9","userAgent":"Mozilla/5.0 (X11; Linux x86_64) AppleWebKit/537.36 (KHTML, like Gecko) Postman/11.0.4 Electron/20.3.11 Safari/537.36","platform":"LINUX","arch":"64","downloadURL":"https://dl.pstmn.io/download/version/11.2.0/linux_64","updateServerDomain":"https://dl.pstmn.io/","additionalParamsString":"installationId=07ab40e9-5a69-49e6-9640-e01f848d58f9&userId=35341493&syncEnabled=true&teamPlan=&teamId=0","userId":"35341493"}}]
[6375][1718182397414][main][info]["LinuxUpdater~downloadUpdate - UpdateInfo received",{"channel":"stable","version":"11.0.4","downloadVersion":"11.2.0","appId":"07ab40e9-5a69-49e6-9640-e01f848d58f9","userAgent":"Mozilla/5.0 (X11; Linux x86_64) AppleWebKit/537.36 (KHTML, like Gecko) Postman/11.0.4 Electron/20.3.11 Safari/537.36","platform":"LINUX","arch":"64","downloadURL":"https://dl.pstmn.io/download/version/11.2.0/linux_64","updateServerDomain":"https://dl.pstmn.io/","additionalParamsString":"installationId=07ab40e9-5a69-49e6-9640-e01f848d58f9&userId=35341493&syncEnabled=true&teamPlan=&teamId=0","userId":"35341493"}]
[6375][1718182397514][main][info]["@postman/app-updater: error",{"errno":-13,"code":"EACCES","syscall":"open","path":"/opt/postman/Postman-1718182397414.tar.gz","name":"Error","message":"EACCES: permission denied, open '/opt/postman/Postman-1718182397414.tar.gz'","stack":"Error: EACCES: permission denied, open '/opt/postman/Postman-1718182397414.tar.gz'"},{"packageName":"Postman","eID":"Postman-1718182397414","downloadURL":"https://dl.pstmn.io/download/version/11.2.0/linux_64","downloadDirectory":"/opt/postman","downloadInfo":{"status":"DOWNLOAD_ERROR","error":{"errno":-13,"code":"EACCES","syscall":"open","path":"/opt/postman/Postman-1718182397414.tar.gz"},"downloadDirectory":"/opt/postman"}}]
[6375][1718182397516][main][info]["UpdateHandler~app-update-events - Received event",{"name":"electronAppUpdateError","namespace":"appUpdate","data":{"error":{"errno":-13,"code":"EACCES","syscall":"open","path":"/opt/postman/Postman-1718182397414.tar.gz","name":"Error","message":"EACCES: permission denied, open '/opt/postman/Postman-1718182397414.tar.gz'","stack":"Error: EACCES: permission denied, open '/opt/postman/Postman-1718182397414.tar.gz'"},"updateData":{"packageName":"Postman","eID":"Postman-1718182397414","downloadURL":"https://dl.pstmn.io/download/version/11.2.0/linux_64","downloadDirectory":"/opt/postman","downloadInfo":{"status":"DOWNLOAD_ERROR","error":{"errno":-13,"code":"EACCES","syscall":"open","path":"/opt/postman/Postman-1718182397414.tar.gz"},"downloadDirectory":"/opt/postman"}}}}]
[6375][1718183608951][main][info]["WindowManager~closeHandler - Closed Window (id: 1 )"]
[6375][1718183608975][main][error]["Main~handleUncaughtError - Uncaught errors",{"name":"TypeError","message":"Cannot read properties of undefined (reading 'send')","stack":"TypeError: Cannot read properties of undefined (reading 'send')\n    at Object.sendMessageToInterceptor (/opt/postman/app/resources/app/services/websocketServer.js:144:10)\n    at Object.requesterWindowHandler (/opt/postman/app/resources/app/services/websocketServer.js:389:14)\n    at EventEmitter.emit (node:events:539:35)\n    at EventEmitter.emit (node:domain:475:12)\n    at _dispatch (/opt/postman/app/resources/app/common/_event-bus.js:256:14)\n    at EventBus._publish (/opt/postman/app/resources/app/common/_event-bus.js:207:9)\n    at Object.closedHandler (/opt/postman/app/resources/app/services/windowManager.js:1090:18)\n    at BrowserWindow.emit (node:events:527:28)\n    at BrowserWindow.emit (node:domain:475:12)"}]
[7809][1718183612143][main][info]["Booting Postman 11.0.4, linux-6.6.32-1-lts on x64"]
[7809][1718183612146][main][info]["EventBus~initialize - Success"]
[7809][1718183612148][main][info]["Proxy configuration has not been setup"]
[7809][1718183612149][main][info]["CloudProxyManager~init - Success"]
[7809][1718183612167][main][info]["performShellDataMigration: Migration has already been done. Bailing out"]
[7809][1718183612173][main][info]["UpdateHandler~init - Success"]
[7809][1718183612175][main][info]["LeaderSelection: Initialized successfully"]
[7809][1718183612176][main][info]["VersionDependencyService: Initialized successfully"]
[7809][1718183612181][main][info]["LinuxAutoUpdater~Cleanup - Initial cleanup successful"]
[7809][1718183612205][main][info]["GPU detected VID 32902 DID 39745 ACTIVE true"]
[7809][1718183612209][main][info]["newAccountRegionPreferenceService~getPreferenceWithFallback - Preference not found in storage."]
[7809][1718183612209][main][info]["newAccountRegionPreferenceService~getToggleMenuTemplate - Using preference:","useUSRegion"]
[7809][1718183612230][main][info]["shellController~init: Success"]
[7809][1718183612234][main][info]["shellMeta~init: Success"]
[7809][1718183612234][main][info]["partitionMigrationService: State of V7 partition:"]
[7809][1718183612235][main][info]["partitionMigrationService: V7 partitions",[]]
[7809][1718183612235][main][info]["partitionMigrationService~rectifyNamespaceOfScratchPadPartition: There is no partition with scratchpad namespace"]
[7809][1718183612235][main][info]["partitionMigrationService~rectifyNamespaceOfScratchPadPartition: There is no transit partition which could have been used for scratchpad"]
[7809][1718183612235][main][info]["partitionMigrationService~init: Success"]
[7809][1718183612244][main][info]["partitionMigrationService~runV8PartitionsIntegrity: Two way migration~ removing the following partitions from v8",[]]
[7809][1718183612247][main][info]["userPartitionService~getRecentV8UserPartition: recent v8 user context partition ","2f043be6-ac5d-407c-8cc0-bf9a1d255816"]
[7809][1718183612247][main][info]["userPartitionService~_rectifyTheActivePartitionOfApplication: Setting the active partition to ","2f043be6-ac5d-407c-8cc0-bf9a1d255816"]
[7809][1718183612256][main][info]["userPartitionService~init: Success"]
[7809][1718183612274][main][info]["userPartitionService: State of v8 partition system:"]
[7809][1718183612276][main][info]["shell~init~getPartitionToLoad: loading active partition"]
[7809][1718183612277][main][info]["userPartitionService: List of partitions:",[{"partitionId":"2f043be6-ac5d-407c-8cc0-bf9a1d255816","namespace":"users","userId":"35341493","teamId":"0","lastUpdated":"2024-06-08T10:27:01.402Z"},{"partitionId":"c22e72ff-8ccc-4edc-99c1-5debafc8f19e","namespace":"scratchPad","userId":0,"teamId":0,"isDirty":false}]]
[7809][1718183612278][main][info]["userPartitionService: users global meta:",{}]
[7809][1718183612280][main][info]["Main:windowManager~newRequesterWindow: Fetch and update runtime config: us"]
[7809][1718183613234][main][info]["RuntimeIPCAgent~started: Success"]
[7809][1718183614634][main][info]["Main~getRemoteInitPath:: "]
[7809][1718183615191][main][info]["UpdateHandler~app-update-events - Received event",{"name":"checkForElectronVersionUpdated","namespace":"appUpdate"}]
[7809][1718183615210][main][info]["windowManager: First requester booted successfully."]
[7809][1718183615210][main][info]["windowManager~restoreWindows: Restoring requester windows"]
[7809][1718183615210][main][info]["Main~AppEvents - Received booted event for process requester.Version 11.0.6 UI Version: 11.0.6-ui-240502-1530 Desktop Platform Version: 11.0.4"]
[7809][1718183615349][main][info]["Main~getRemoteInitPath:: "]
[7809][1718183615513][main][info]["INTERCEPTOR CONNECTIVITY: Attempting to start websocket server on port 15611"]
[7809][1718183618077][main][info]["Main~getPlatformLaunchPerfMetrics"]
[7809][1718183619538][main][info]["Main - model-events~user - (user, bootstrapUser) received"]
[7809][1718183619539][main][info]["model-events~user - bootstrapUser received"]
[7809][1718183625699][main][info]["UpdateHandler~app-update-events - Received event",{"name":"updateElectron","namespace":"appUpdate","data":{"channel":"stable","version":"11.0.4","downloadVersion":"11.2.0","appId":"07ab40e9-5a69-49e6-9640-e01f848d58f9","userAgent":"Mozilla/5.0 (X11; Linux x86_64) AppleWebKit/537.36 (KHTML, like Gecko) Postman/11.0.4 Electron/20.3.11 Safari/537.36","platform":"LINUX","arch":"64","downloadURL":"https://dl.pstmn.io/download/version/11.2.0/linux_64","updateServerDomain":"https://dl.pstmn.io/","additionalParamsString":"installationId=07ab40e9-5a69-49e6-9640-e01f848d58f9&userId=35341493&syncEnabled=true&teamPlan=&teamId=0","userId":"35341493"}}]
[7809][1718183625699][main][info]["LinuxUpdater~downloadUpdate - UpdateInfo received",{"channel":"stable","version":"11.0.4","downloadVersion":"11.2.0","appId":"07ab40e9-5a69-49e6-9640-e01f848d58f9","userAgent":"Mozilla/5.0 (X11; Linux x86_64) AppleWebKit/537.36 (KHTML, like Gecko) Postman/11.0.4 Electron/20.3.11 Safari/537.36","platform":"LINUX","arch":"64","downloadURL":"https://dl.pstmn.io/download/version/11.2.0/linux_64","updateServerDomain":"https://dl.pstmn.io/","additionalParamsString":"installationId=07ab40e9-5a69-49e6-9640-e01f848d58f9&userId=35341493&syncEnabled=true&teamPlan=&teamId=0","userId":"35341493"}]
[7809][1718183625769][main][info]["@postman/app-updater: error",{"errno":-13,"code":"EACCES","syscall":"open","path":"/opt/postman/Postman-1718183625700.tar.gz","name":"Error","message":"EACCES: permission denied, open '/opt/postman/Postman-1718183625700.tar.gz'","stack":"Error: EACCES: permission denied, open '/opt/postman/Postman-1718183625700.tar.gz'"},{"packageName":"Postman","eID":"Postman-1718183625700","downloadURL":"https://dl.pstmn.io/download/version/11.2.0/linux_64","downloadDirectory":"/opt/postman","downloadInfo":{"status":"DOWNLOAD_ERROR","error":{"errno":-13,"code":"EACCES","syscall":"open","path":"/opt/postman/Postman-1718183625700.tar.gz"},"downloadDirectory":"/opt/postman"}}]
[7809][1718183625770][main][info]["UpdateHandler~app-update-events - Received event",{"name":"electronAppUpdateError","namespace":"appUpdate","data":{"error":{"errno":-13,"code":"EACCES","syscall":"open","path":"/opt/postman/Postman-1718183625700.tar.gz","name":"Error","message":"EACCES: permission denied, open '/opt/postman/Postman-1718183625700.tar.gz'","stack":"Error: EACCES: permission denied, open '/opt/postman/Postman-1718183625700.tar.gz'"},"updateData":{"packageName":"Postman","eID":"Postman-1718183625700","downloadURL":"https://dl.pstmn.io/download/version/11.2.0/linux_64","downloadDirectory":"/opt/postman","downloadInfo":{"status":"DOWNLOAD_ERROR","error":{"errno":-13,"code":"EACCES","syscall":"open","path":"/opt/postman/Postman-1718183625700.tar.gz"},"downloadDirectory":"/opt/postman"}}}}]
[7809][1718213161064][main][info]["WindowManager~closeHandler - Closed Window (id: 1 )"]
[7809][1718213161084][main][error]["Main~handleUncaughtError - Uncaught errors",{"name":"TypeError","message":"Cannot read properties of undefined (reading 'send')","stack":"TypeError: Cannot read properties of undefined (reading 'send')\n    at Object.sendMessageToInterceptor (/opt/postman/app/resources/app/services/websocketServer.js:144:10)\n    at Object.requesterWindowHandler (/opt/postman/app/resources/app/services/websocketServer.js:389:14)\n    at EventEmitter.emit (node:events:539:35)\n    at EventEmitter.emit (node:domain:475:12)\n    at _dispatch (/opt/postman/app/resources/app/common/_event-bus.js:256:14)\n    at EventBus._publish (/opt/postman/app/resources/app/common/_event-bus.js:207:9)\n    at Object.closedHandler (/opt/postman/app/resources/app/services/windowManager.js:1090:18)\n    at BrowserWindow.emit (node:events:527:28)\n    at BrowserWindow.emit (node:domain:475:12)"}]
[3538][1718263519214][main][info]["Booting Postman 11.0.4, linux-6.6.32-1-lts on x64"]
[3538][1718263519217][main][info]["EventBus~initialize - Success"]
[3538][1718263519219][main][info]["Proxy configuration has not been setup"]
[3538][1718263519220][main][info]["CloudProxyManager~init - Success"]
[3538][1718263519238][main][info]["performShellDataMigration: Migration has already been done. Bailing out"]
[3538][1718263519244][main][info]["UpdateHandler~init - Success"]
[3538][1718263519246][main][info]["LeaderSelection: Initialized successfully"]
[3538][1718263519247][main][info]["VersionDependencyService: Initialized successfully"]
[3538][1718263519252][main][info]["LinuxAutoUpdater~Cleanup - Initial cleanup successful"]
[3538][1718263519271][main][info]["GPU detected VID 32902 DID 39745 ACTIVE true"]
[3538][1718263519279][main][info]["newAccountRegionPreferenceService~getPreferenceWithFallback - Preference not found in storage."]
[3538][1718263519279][main][info]["newAccountRegionPreferenceService~getToggleMenuTemplate - Using preference:","useUSRegion"]
[3538][1718263519304][main][info]["shellController~init: Success"]
[3538][1718263519308][main][info]["shellMeta~init: Success"]
[3538][1718263519309][main][info]["partitionMigrationService: State of V7 partition:"]
[3538][1718263519309][main][info]["partitionMigrationService: V7 partitions",[]]
[3538][1718263519309][main][info]["partitionMigrationService~rectifyNamespaceOfScratchPadPartition: There is no partition with scratchpad namespace"]
[3538][1718263519309][main][info]["partitionMigrationService~rectifyNamespaceOfScratchPadPartition: There is no transit partition which could have been used for scratchpad"]
[3538][1718263519310][main][info]["partitionMigrationService~init: Success"]
[3538][1718263519320][main][info]["partitionMigrationService~runV8PartitionsIntegrity: Two way migration~ removing the following partitions from v8",[]]
[3538][1718263519324][main][info]["userPartitionService~getRecentV8UserPartition: recent v8 user context partition ","2f043be6-ac5d-407c-8cc0-bf9a1d255816"]
[3538][1718263519324][main][info]["userPartitionService~_rectifyTheActivePartitionOfApplication: Setting the active partition to ","2f043be6-ac5d-407c-8cc0-bf9a1d255816"]
[3538][1718263519333][main][info]["userPartitionService~init: Success"]
[3538][1718263519352][main][info]["userPartitionService: State of v8 partition system:"]
[3538][1718263519354][main][info]["shell~init~getPartitionToLoad: loading active partition"]
[3538][1718263519356][main][info]["userPartitionService: List of partitions:",[{"partitionId":"2f043be6-ac5d-407c-8cc0-bf9a1d255816","namespace":"users","userId":"35341493","teamId":"0","lastUpdated":"2024-06-08T10:27:01.402Z"},{"partitionId":"c22e72ff-8ccc-4edc-99c1-5debafc8f19e","namespace":"scratchPad","userId":0,"teamId":0,"isDirty":false}]]
[3538][1718263519356][main][info]["userPartitionService: users global meta:",{}]
[3538][1718263519359][main][info]["Main:windowManager~newRequesterWindow: Fetch and update runtime config: us"]
[3538][1718263520642][main][info]["RuntimeIPCAgent~started: Success"]
[3538][1718263522093][main][info]["Main~getRemoteInitPath:: "]
[3538][1718263522610][main][info]["UpdateHandler~app-update-events - Received event",{"name":"checkForElectronVersionUpdated","namespace":"appUpdate"}]
[3538][1718263522628][main][info]["windowManager: First requester booted successfully."]
[3538][1718263522628][main][info]["windowManager~restoreWindows: Restoring requester windows"]
[3538][1718263522628][main][info]["Main~AppEvents - Received booted event for process requester.Version 11.0.6 UI Version: 11.0.6-ui-240502-1530 Desktop Platform Version: 11.0.4"]
[3538][1718263522768][main][info]["Main~getRemoteInitPath:: "]
[3538][1718263523569][main][info]["INTERCEPTOR CONNECTIVITY: Attempting to start websocket server on port 15611"]
[3538][1718263525561][main][info]["Main~getPlatformLaunchPerfMetrics"]
[3538][1718263526841][main][info]["Main - model-events~user - (user, bootstrapUser) received"]
[3538][1718263526841][main][info]["model-events~user - bootstrapUser received"]
[3538][1718263533061][main][info]["UpdateHandler~app-update-events - Received event",{"name":"updateElectron","namespace":"appUpdate","data":{"channel":"stable","version":"11.0.4","downloadVersion":"11.2.0","appId":"07ab40e9-5a69-49e6-9640-e01f848d58f9","userAgent":"Mozilla/5.0 (X11; Linux x86_64) AppleWebKit/537.36 (KHTML, like Gecko) Postman/11.0.4 Electron/20.3.11 Safari/537.36","platform":"LINUX","arch":"64","downloadURL":"https://dl.pstmn.io/download/version/11.2.0/linux_64","updateServerDomain":"https://dl.pstmn.io/","additionalParamsString":"installationId=07ab40e9-5a69-49e6-9640-e01f848d58f9&userId=35341493&syncEnabled=true&teamPlan=&teamId=0","userId":"35341493"}}]
[3538][1718263533061][main][info]["LinuxUpdater~downloadUpdate - UpdateInfo received",{"channel":"stable","version":"11.0.4","downloadVersion":"11.2.0","appId":"07ab40e9-5a69-49e6-9640-e01f848d58f9","userAgent":"Mozilla/5.0 (X11; Linux x86_64) AppleWebKit/537.36 (KHTML, like Gecko) Postman/11.0.4 Electron/20.3.11 Safari/537.36","platform":"LINUX","arch":"64","downloadURL":"https://dl.pstmn.io/download/version/11.2.0/linux_64","updateServerDomain":"https://dl.pstmn.io/","additionalParamsString":"installationId=07ab40e9-5a69-49e6-9640-e01f848d58f9&userId=35341493&syncEnabled=true&teamPlan=&teamId=0","userId":"35341493"}]
[3538][1718263533323][main][info]["@postman/app-updater: error",{"errno":-13,"code":"EACCES","syscall":"open","path":"/opt/postman/Postman-1718263533062.tar.gz","name":"Error","message":"EACCES: permission denied, open '/opt/postman/Postman-1718263533062.tar.gz'","stack":"Error: EACCES: permission denied, open '/opt/postman/Postman-1718263533062.tar.gz'"},{"packageName":"Postman","eID":"Postman-1718263533062","downloadURL":"https://dl.pstmn.io/download/version/11.2.0/linux_64","downloadDirectory":"/opt/postman","downloadInfo":{"status":"DOWNLOAD_ERROR","error":{"errno":-13,"code":"EACCES","syscall":"open","path":"/opt/postman/Postman-1718263533062.tar.gz"},"downloadDirectory":"/opt/postman"}}]
[3538][1718263533323][main][info]["UpdateHandler~app-update-events - Received event",{"name":"electronAppUpdateError","namespace":"appUpdate","data":{"error":{"errno":-13,"code":"EACCES","syscall":"open","path":"/opt/postman/Postman-1718263533062.tar.gz","name":"Error","message":"EACCES: permission denied, open '/opt/postman/Postman-1718263533062.tar.gz'","stack":"Error: EACCES: permission denied, open '/opt/postman/Postman-1718263533062.tar.gz'"},"updateData":{"packageName":"Postman","eID":"Postman-1718263533062","downloadURL":"https://dl.pstmn.io/download/version/11.2.0/linux_64","downloadDirectory":"/opt/postman","downloadInfo":{"status":"DOWNLOAD_ERROR","error":{"errno":-13,"code":"EACCES","syscall":"open","path":"/opt/postman/Postman-1718263533062.tar.gz"},"downloadDirectory":"/opt/postman"}}}}]
[3538][1718278668036][main][info]["WindowManager~closeHandler - Closed Window (id: 1 )"]
[3538][1718278668060][main][error]["Main~handleUncaughtError - Uncaught errors",{"name":"TypeError","message":"Cannot read properties of undefined (reading 'send')","stack":"TypeError: Cannot read properties of undefined (reading 'send')\n    at Object.sendMessageToInterceptor (/opt/postman/app/resources/app/services/websocketServer.js:144:10)\n    at Object.requesterWindowHandler (/opt/postman/app/resources/app/services/websocketServer.js:389:14)\n    at EventEmitter.emit (node:events:539:35)\n    at EventEmitter.emit (node:domain:475:12)\n    at _dispatch (/opt/postman/app/resources/app/common/_event-bus.js:256:14)\n    at EventBus._publish (/opt/postman/app/resources/app/common/_event-bus.js:207:9)\n    at Object.closedHandler (/opt/postman/app/resources/app/services/windowManager.js:1090:18)\n    at BrowserWindow.emit (node:events:527:28)\n    at BrowserWindow.emit (node:domain:475:12)"}]
[3456][1718350948014][main][info]["Booting Postman 11.0.4, linux-6.6.32-1-lts on x64"]
[3456][1718350948016][main][info]["EventBus~initialize - Success"]
[3456][1718350948018][main][info]["Proxy configuration has not been setup"]
[3456][1718350948019][main][info]["CloudProxyManager~init - Success"]
[3456][1718350948037][main][info]["performShellDataMigration: Migration has already been done. Bailing out"]
[3456][1718350948043][main][info]["UpdateHandler~init - Success"]
[3456][1718350948045][main][info]["LeaderSelection: Initialized successfully"]
[3456][1718350948046][main][info]["VersionDependencyService: Initialized successfully"]
[3456][1718350948052][main][info]["LinuxAutoUpdater~Cleanup - Initial cleanup successful"]
[3456][1718350948078][main][info]["GPU detected VID 32902 DID 39745 ACTIVE true"]
[3456][1718350948081][main][info]["newAccountRegionPreferenceService~getPreferenceWithFallback - Preference not found in storage."]
[3456][1718350948081][main][info]["newAccountRegionPreferenceService~getToggleMenuTemplate - Using preference:","useUSRegion"]
[3456][1718350948098][main][info]["shellController~init: Success"]
[3456][1718350948109][main][info]["shellMeta~init: Success"]
[3456][1718350948109][main][info]["partitionMigrationService: State of V7 partition:"]
[3456][1718350948109][main][info]["partitionMigrationService: V7 partitions",[]]
[3456][1718350948109][main][info]["partitionMigrationService~rectifyNamespaceOfScratchPadPartition: There is no partition with scratchpad namespace"]
[3456][1718350948110][main][info]["partitionMigrationService~rectifyNamespaceOfScratchPadPartition: There is no transit partition which could have been used for scratchpad"]
[3456][1718350948110][main][info]["partitionMigrationService~init: Success"]
[3456][1718350948118][main][info]["partitionMigrationService~runV8PartitionsIntegrity: Two way migration~ removing the following partitions from v8",[]]
[3456][1718350948122][main][info]["userPartitionService~getRecentV8UserPartition: recent v8 user context partition ","2f043be6-ac5d-407c-8cc0-bf9a1d255816"]
[3456][1718350948122][main][info]["userPartitionService~_rectifyTheActivePartitionOfApplication: Setting the active partition to ","2f043be6-ac5d-407c-8cc0-bf9a1d255816"]
[3456][1718350948131][main][info]["userPartitionService~init: Success"]
[3456][1718350948148][main][info]["userPartitionService: State of v8 partition system:"]
[3456][1718350948150][main][info]["shell~init~getPartitionToLoad: loading active partition"]
[3456][1718350948152][main][info]["userPartitionService: List of partitions:",[{"partitionId":"2f043be6-ac5d-407c-8cc0-bf9a1d255816","namespace":"users","userId":"35341493","teamId":"0","lastUpdated":"2024-06-08T10:27:01.402Z"},{"partitionId":"c22e72ff-8ccc-4edc-99c1-5debafc8f19e","namespace":"scratchPad","userId":0,"teamId":0,"isDirty":false}]]
[3456][1718350948152][main][info]["userPartitionService: users global meta:",{}]
[3456][1718350948154][main][info]["Main:windowManager~newRequesterWindow: Fetch and update runtime config: us"]
[3456][1718350949434][main][info]["RuntimeIPCAgent~started: Success"]
[3456][1718350950826][main][info]["Main~getRemoteInitPath:: "]
[3456][1718350951343][main][info]["UpdateHandler~app-update-events - Received event",{"name":"checkForElectronVersionUpdated","namespace":"appUpdate"}]
[3456][1718350951361][main][info]["windowManager: First requester booted successfully."]
[3456][1718350951362][main][info]["windowManager~restoreWindows: Restoring requester windows"]
[3456][1718350951362][main][info]["Main~AppEvents - Received booted event for process requester.Version 11.0.6 UI Version: 11.0.6-ui-240502-1530 Desktop Platform Version: 11.0.4"]
[3456][1718350951510][main][info]["Main~getRemoteInitPath:: "]
[3456][1718350952278][main][info]["INTERCEPTOR CONNECTIVITY: Attempting to start websocket server on port 15611"]
[3456][1718350954377][main][info]["Main~getPlatformLaunchPerfMetrics"]
[3456][1718350955604][main][info]["Main - model-events~user - (user, bootstrapUser) received"]
[3456][1718350955605][main][info]["model-events~user - bootstrapUser received"]
[3456][1718350961889][main][info]["UpdateHandler~app-update-events - Received event",{"name":"updateElectron","namespace":"appUpdate","data":{"channel":"stable","version":"11.0.4","downloadVersion":"11.2.0","appId":"07ab40e9-5a69-49e6-9640-e01f848d58f9","userAgent":"Mozilla/5.0 (X11; Linux x86_64) AppleWebKit/537.36 (KHTML, like Gecko) Postman/11.0.4 Electron/20.3.11 Safari/537.36","platform":"LINUX","arch":"64","downloadURL":"https://dl.pstmn.io/download/version/11.2.0/linux_64","updateServerDomain":"https://dl.pstmn.io/","additionalParamsString":"installationId=07ab40e9-5a69-49e6-9640-e01f848d58f9&userId=35341493&syncEnabled=true&teamPlan=&teamId=0","userId":"35341493"}}]
[3456][1718350961890][main][info]["LinuxUpdater~downloadUpdate - UpdateInfo received",{"channel":"stable","version":"11.0.4","downloadVersion":"11.2.0","appId":"07ab40e9-5a69-49e6-9640-e01f848d58f9","userAgent":"Mozilla/5.0 (X11; Linux x86_64) AppleWebKit/537.36 (KHTML, like Gecko) Postman/11.0.4 Electron/20.3.11 Safari/537.36","platform":"LINUX","arch":"64","downloadURL":"https://dl.pstmn.io/download/version/11.2.0/linux_64","updateServerDomain":"https://dl.pstmn.io/","additionalParamsString":"installationId=07ab40e9-5a69-49e6-9640-e01f848d58f9&userId=35341493&syncEnabled=true&teamPlan=&teamId=0","userId":"35341493"}]
[3456][1718350961992][main][info]["@postman/app-updater: error",{"errno":-13,"code":"EACCES","syscall":"open","path":"/opt/postman/Postman-1718350961890.tar.gz","name":"Error","message":"EACCES: permission denied, open '/opt/postman/Postman-1718350961890.tar.gz'","stack":"Error: EACCES: permission denied, open '/opt/postman/Postman-1718350961890.tar.gz'"},{"packageName":"Postman","eID":"Postman-1718350961890","downloadURL":"https://dl.pstmn.io/download/version/11.2.0/linux_64","downloadDirectory":"/opt/postman","downloadInfo":{"status":"DOWNLOAD_ERROR","error":{"errno":-13,"code":"EACCES","syscall":"open","path":"/opt/postman/Postman-1718350961890.tar.gz"},"downloadDirectory":"/opt/postman"}}]
[3456][1718350961995][main][info]["UpdateHandler~app-update-events - Received event",{"name":"electronAppUpdateError","namespace":"appUpdate","data":{"error":{"errno":-13,"code":"EACCES","syscall":"open","path":"/opt/postman/Postman-1718350961890.tar.gz","name":"Error","message":"EACCES: permission denied, open '/opt/postman/Postman-1718350961890.tar.gz'","stack":"Error: EACCES: permission denied, open '/opt/postman/Postman-1718350961890.tar.gz'"},"updateData":{"packageName":"Postman","eID":"Postman-1718350961890","downloadURL":"https://dl.pstmn.io/download/version/11.2.0/linux_64","downloadDirectory":"/opt/postman","downloadInfo":{"status":"DOWNLOAD_ERROR","error":{"errno":-13,"code":"EACCES","syscall":"open","path":"/opt/postman/Postman-1718350961890.tar.gz"},"downloadDirectory":"/opt/postman"}}}}]
[3456][1718377052181][main][info]["WindowManager~closeHandler - Closed Window (id: 1 )"]
[3456][1718377052204][main][error]["Main~handleUncaughtError - Uncaught errors",{"name":"TypeError","message":"Cannot read properties of undefined (reading 'send')","stack":"TypeError: Cannot read properties of undefined (reading 'send')\n    at Object.sendMessageToInterceptor (/opt/postman/app/resources/app/services/websocketServer.js:144:10)\n    at Object.requesterWindowHandler (/opt/postman/app/resources/app/services/websocketServer.js:389:14)\n    at EventEmitter.emit (node:events:539:35)\n    at EventEmitter.emit (node:domain:475:12)\n    at _dispatch (/opt/postman/app/resources/app/common/_event-bus.js:256:14)\n    at EventBus._publish (/opt/postman/app/resources/app/common/_event-bus.js:207:9)\n    at Object.closedHandler (/opt/postman/app/resources/app/services/windowManager.js:1090:18)\n    at BrowserWindow.emit (node:events:527:28)\n    at BrowserWindow.emit (node:domain:475:12)"}]
